\BOOKMARK [0][-]{chapter.2}{\376\377\000E\000s\000e\000r\000c\000i\000t\000a\000z\000i\000o\000n\000e\000\040\0001\000:\000\040\000V\000e\000l\000i\000v\000o\000l\000o\000\040\000c\000o\000n\000v\000e\000n\000z\000i\000o\000n\000a\000l\000e}{}% 1
\BOOKMARK [1][-]{section.3}{\376\377\000R\000e\000q\000u\000i\000s\000i\000t\000o}{chapter.2}% 2
\BOOKMARK [1][-]{section.6}{\376\377\000M\000e\000t\000o\000d\000o\000l\000o\000g\000i\000a}{chapter.2}% 3
\BOOKMARK [2][-]{subsection.7}{\376\377\000S\000t\000i\000m\000a\000\040\000p\000r\000e\000l\000i\000m\000i\000n\000a\000r\000e\000\040\000d\000e\000l\000l\000a\000\040\000m\000a\000s\000s\000a\000\040\000m\000a\000s\000s\000i\000m\000a\000\040\000a\000l\000\040\000d\000e\000c\000o\000l\000l\000o}{section.6}% 4
\BOOKMARK [3][-]{subsubsection*.8}{\376\377\000M\000a\000s\000s\000a\000\040\000e\000q\000u\000i\000p\000a\000g\000g\000i\000o\000\040\000e\000\040\000p\000a\000y\000l\000o\000a\000d}{subsection.7}% 5
\BOOKMARK [3][-]{subsubsection*.9}{\376\377\000F\000r\000a\000z\000i\000o\000n\000e\000\040\000d\000i\000\040\000m\000a\000s\000s\000a\000\040\000a\000\040\000v\000u\000o\000t\000o}{subsection.7}% 6
\BOOKMARK [3][-]{subsubsection*.10}{\376\377\000F\000r\000a\000z\000i\000o\000n\000e\000\040\000d\000i\000\040\000c\000a\000r\000b\000u\000r\000a\000n\000t\000e}{subsection.7}% 7
\BOOKMARK [3][-]{subsubsection*.19}{\376\377\000P\000e\000s\000o\000\040\000a\000l\000\040\000d\000e\000c\000o\000l\000l\000o}{subsection.7}% 8
\BOOKMARK [3][-]{subsubsection*.20}{\376\377\000A\000n\000a\000l\000i\000s\000i\000\040\000d\000i\000\040\000t\000r\000a\000d\000e\000-\000o\000f\000f}{subsection.7}% 9
\BOOKMARK [2][-]{subsection.23}{\376\377\000D\000i\000a\000g\000r\000a\000m\000m\000a\000\040\000P\000a\000y\000l\000o\000a\000d\000-\000R\000a\000n\000g\000e\000\040\000p\000r\000e\000l\000i\000m\000i\000n\000a\000r\000e}{section.6}% 10
\BOOKMARK [3][-]{subsubsection*.25}{\376\377\000F\000a\000m\000i\000g\000l\000i\000a\000\040\000d\000i\000\040\000a\000e\000r\000e\000i}{subsection.23}% 11
\BOOKMARK [2][-]{subsection.28}{\376\377\000M\000a\000t\000c\000h\000i\000n\000g\000\040\000C\000h\000a\000r\000t}{section.6}% 12
\BOOKMARK [3][-]{subsubsection*.29}{\376\377\000C\000a\000r\000i\000c\000o\000\040\000a\000l\000a\000r\000e\000\040\000m\000a\000s\000s\000i\000m\000o}{subsection.28}% 13
\BOOKMARK [3][-]{subsubsection*.31}{\376\377\000D\000e\000c\000o\000l\000l\000o}{subsection.28}% 14
\BOOKMARK [3][-]{subsubsection*.33}{\376\377\000S\000a\000l\000i\000t\000a}{subsection.28}% 15
\BOOKMARK [3][-]{subsubsection*.36}{\376\377\000C\000r\000o\000c\000i\000e\000r\000a}{subsection.28}% 16
\BOOKMARK [3][-]{subsubsection*.37}{\376\377\000A\000p\000p\000r\000o\000a\000c\000h\000\040\000C\000l\000i\000m\000b}{subsection.28}% 17
\BOOKMARK [3][-]{subsubsection*.38}{\376\377\000L\000a\000n\000d\000i\000n\000g\000\040\000C\000l\000i\000m\000b}{subsection.28}% 18
\BOOKMARK [3][-]{subsubsection*.39}{\376\377\000M\000a\000t\000c\000h\000i\000n\000g\000\040\000C\000h\000a\000r\000t}{subsection.28}% 19
\BOOKMARK [2][-]{subsection.41}{\376\377\000F\000u\000s\000o\000l\000i\000e\000r\000a}{section.6}% 20
\BOOKMARK [3][-]{subsubsection*.42}{\376\377\000D\000i\000a\000m\000e\000t\000r\000o\000\040\000e\000s\000t\000e\000r\000n\000o}{subsection.41}% 21
\BOOKMARK [3][-]{subsubsection*.43}{\376\377\000L\000u\000n\000g\000h\000e\000z\000z\000a}{subsection.41}% 22
\BOOKMARK [2][-]{subsection.44}{\376\377\000A\000n\000a\000l\000i\000s\000i\000\040\000d\000i\000\040\000s\000e\000n\000s\000i\000b\000i\000l\000i\000t\000\340}{section.6}% 23
\BOOKMARK [3][-]{subsubsection*.46}{\376\377\000A\000e\000r\000o\000d\000i\000n\000a\000m\000i\000c\000a}{subsection.44}% 24
\BOOKMARK [4][-]{paragraph*.47}{\376\377\000C\000D\0000}{subsubsection*.46}% 25
\BOOKMARK [4][-]{paragraph*.55}{\376\377\000C\000D\000i}{subsubsection*.46}% 26
\BOOKMARK [4][-]{paragraph*.56}{\376\377\000C\000D\000W}{subsubsection*.46}% 27
\BOOKMARK [3][-]{subsubsection*.57}{\376\377\000S\000t\000i\000m\000a\000\040\000d\000e\000i\000\040\000P\000e\000s\000i}{subsection.44}% 28
\BOOKMARK [4][-]{paragraph*.58}{\376\377\000A\000l\000a}{subsubsection*.57}% 29
\BOOKMARK [4][-]{paragraph*.59}{\376\377\000C\000o\000d\000a}{subsubsection*.57}% 30
\BOOKMARK [4][-]{paragraph*.60}{\376\377\000F\000u\000s\000o\000l\000i\000e\000r\000a}{subsubsection*.57}% 31
\BOOKMARK [4][-]{paragraph*.61}{\376\377\000C\000a\000r\000r\000e\000l\000l\000o\000\040\000d\000i\000\040\000a\000t\000t\000e\000r\000r\000a\000g\000g\000i\000o}{subsubsection*.57}% 32
\BOOKMARK [4][-]{paragraph*.62}{\376\377\000P\000r\000o\000p\000u\000l\000s\000i\000o\000n\000e}{subsubsection*.57}% 33
\BOOKMARK [4][-]{paragraph*.63}{\376\377\000S\000i\000s\000t\000e\000m\000i}{subsubsection*.57}% 34
\BOOKMARK [4][-]{paragraph*.64}{\376\377\000A\000r\000r\000e\000d\000i\000\040\000e\000\040\000S\000e\000r\000v\000i\000z\000i}{subsubsection*.57}% 35
\BOOKMARK [4][-]{paragraph*.65}{\376\377\000E\000q\000u\000i\000p\000a\000g\000g\000i\000o}{subsubsection*.57}% 36
\BOOKMARK [4][-]{paragraph*.66}{\376\377\000O\000E\000W\000\040\000t\000o\000t\000a\000l\000e}{subsubsection*.57}% 37
\BOOKMARK [4][-]{paragraph*.67}{\376\377\000P\000a\000y\000l\000o\000a\000d}{subsubsection*.57}% 38
\BOOKMARK [3][-]{subsubsection*.68}{\376\377\000P\000r\000e\000s\000t\000a\000z\000i\000o\000n\000i\000\040\000i\000n\000\040\000M\000i\000s\000s\000i\000o\000n\000e}{subsection.44}% 39
\BOOKMARK [2][-]{subsection.69}{\376\377\000C\000o\000s\000t\000i}{section.6}% 40
